<?xml version="1.0" encoding="UTF-8"?>
<!-- Generated by org.testng.reporters.JUnitReportReporter -->
<testsuite skipped="0" hostname="prashant-OptiPlex-3046" name="runner.TestRunnerWithTestNG" tests="1" failures="0" timestamp="31 Jul 2019 04:31:41 GMT" time="20.034" errors="0">
  <testcase name="run_cukes" time="20.034" classname="runner.TestRunnerWithTestNG"/>
</testsuite> <!-- runner.TestRunnerWithTestNG -->
